# JRE version: Java(TM) SE Runtime Environment (7.0_80-b15) (build 1.7.0_80-b15)
# Java VM: Java HotSpot(TM) 64-Bit Server VM (24.80-b11 mixed mode linux-amd64 compressed oops)
Heap
 def new generation   total 18368K, used 18117K [0x00000000bf200000, 0x00000000c05e0000, 0x00000000d30a0000)
  eden space 16384K, 100% used [0x00000000bf200000, 0x00000000c0200000, 0x00000000c0200000)
  from space 1984K,  87% used [0x00000000c03f0000, 0x00000000c05a1678, 0x00000000c05e0000)
  to   space 1984K,   0% used [0x00000000c0200000, 0x00000000c0200000, 0x00000000c03f0000)
 tenured generation   total 40768K, used 16598K [0x00000000d30a0000, 0x00000000d5870000, 0x00000000fae00000)
   the space 40768K,  40% used [0x00000000d30a0000, 0x00000000d40d5b08, 0x00000000d40d5c00, 0x00000000d5870000)
 compacting perm gen  total 21248K, used 3125K [0x00000000fae00000, 0x00000000fc2c0000, 0x0000000100000000)
   the space 21248K,  14% used [0x00000000fae00000, 0x00000000fb10d7a8, 0x00000000fb10d800, 0x00000000fc2c0000)
GC Heap History (10 events):
Event: 1.827 GC heap before
{Heap before GC invocations=14 (full 0):
 def new generation   total 18368K, used 18090K [0x00000000bf200000, 0x00000000c05e0000, 0x00000000d30a0000)
  eden space 16384K, 100% used [0x00000000bf200000, 0x00000000c0200000, 0x00000000c0200000)
  from space 1984K,  85% used [0x00000000c0200000, 0x00000000c03aa818, 0x00000000c03f0000)
  to   space 1984K,   0% used [0x00000000c03f0000, 0x00000000c03f0000, 0x00000000c05e0000)
 tenured generation   total 40768K, used 11425K [0x00000000d30a0000, 0x00000000d5870000, 0x00000000fae00000)
   the space 40768K,  28% used [0x00000000d30a0000, 0x00000000d3bc87b0, 0x00000000d3bc8800, 0x00000000d5870000)
 compacting perm gen  total 21248K, used 3011K [0x00000000fae00000, 0x00000000fc2c0000, 0x0000000100000000)
   the space 21248K,  14% used [0x00000000fae00000, 0x00000000fb0f0f90, 0x00000000fb0f1000, 0x00000000fc2c0000)
No shared spaces configured.
Event: 1.837 GC heap after
Heap after GC invocations=15 (full 0):
 def new generation   total 18368K, used 1667K [0x00000000bf200000, 0x00000000c05e0000, 0x00000000d30a0000)
  eden space 16384K,   0% used [0x00000000bf200000, 0x00000000bf200000, 0x00000000c0200000)
  from space 1984K,  84% used [0x00000000c03f0000, 0x00000000c0590c90, 0x00000000c05e0000)
  to   space 1984K,   0% used [0x00000000c0200000, 0x00000000c0200000, 0x00000000c03f0000)
 tenured generation   total 40768K, used 12266K [0x00000000d30a0000, 0x00000000d5870000, 0x00000000fae00000)
   the space 40768K,  30% used [0x00000000d30a0000, 0x00000000d3c9aa60, 0x00000000d3c9ac00, 0x00000000d5870000)
 compacting perm gen  total 21248K, used 3011K [0x00000000fae00000, 0x00000000fc2c0000, 0x0000000100000000)
   the space 21248K,  14% used [0x00000000fae00000, 0x00000000fb0f0f90, 0x00000000fb0f1000, 0x00000000fc2c0000)
No shared spaces configured.
}
Event: 1.906 GC heap before
{Heap before GC invocations=15 (full 0):
 def new generation   total 18368K, used 18051K [0x00000000bf200000, 0x00000000c05e0000, 0x00000000d30a0000)
  eden space 16384K, 100% used [0x00000000bf200000, 0x00000000c0200000, 0x00000000c0200000)
  from space 1984K,  84% used [0x00000000c03f0000, 0x00000000c0590c90, 0x00000000c05e0000)
  to   space 1984K,   0% used [0x00000000c0200000, 0x00000000c0200000, 0x00000000c03f0000)
 tenured generation   total 40768K, used 12266K [0x00000000d30a0000, 0x00000000d5870000, 0x00000000fae00000)
   the space 40768K,  30% used [0x00000000d30a0000, 0x00000000d3c9aa60, 0x00000000d3c9ac00, 0x00000000d5870000)
 compacting perm gen  total 21248K, used 3011K [0x00000000fae00000, 0x00000000fc2c0000, 0x0000000100000000)
   the space 21248K,  14% used [0x00000000fae00000, 0x00000000fb0f0f90, 0x00000000fb0f1000, 0x00000000fc2c0000)
No shared spaces configured.
Event: 1.924 GC heap after
Heap after GC invocations=16 (full 0):
 def new generation   total 18368K, used 1984K [0x00000000bf200000, 0x00000000c05e0000, 0x00000000d30a0000)
  eden space 16384K,   0% used [0x00000000bf200000, 0x00000000bf200000, 0x00000000c0200000)
  from space 1984K, 100% used [0x00000000c0200000, 0x00000000c03f0000, 0x00000000c03f0000)
  to   space 1984K,   0% used [0x00000000c03f0000, 0x00000000c03f0000, 0x00000000c05e0000)
 tenured generation   total 40768K, used 13303K [0x00000000d30a0000, 0x00000000d5870000, 0x00000000fae00000)
   the space 40768K,  32% used [0x00000000d30a0000, 0x00000000d3d9dd20, 0x00000000d3d9de00, 0x00000000d5870000)
 compacting perm gen  total 21248K, used 3011K [0x00000000fae00000, 0x00000000fc2c0000, 0x0000000100000000)
   the space 21248K,  14% used [0x00000000fae00000, 0x00000000fb0f0f90, 0x00000000fb0f1000, 0x00000000fc2c0000)
No shared spaces configured.
}
Event: 1.968 GC heap before
{Heap before GC invocations=16 (full 0):
 def new generation   total 18368K, used 18368K [0x00000000bf200000, 0x00000000c05e0000, 0x00000000d30a0000)
  eden space 16384K, 100% used [0x00000000bf200000, 0x00000000c0200000, 0x00000000c0200000)
  from space 1984K, 100% used [0x00000000c0200000, 0x00000000c03f0000, 0x00000000c03f0000)
  to   space 1984K,   0% used [0x00000000c03f0000, 0x00000000c03f0000, 0x00000000c05e0000)
 tenured generation   total 40768K, used 13303K [0x00000000d30a0000, 0x00000000d5870000, 0x00000000fae00000)
   the space 40768K,  32% used [0x00000000d30a0000, 0x00000000d3d9dd20, 0x00000000d3d9de00, 0x00000000d5870000)
 compacting perm gen  total 21248K, used 3011K [0x00000000fae00000, 0x00000000fc2c0000, 0x0000000100000000)
   the space 21248K,  14% used [0x00000000fae00000, 0x00000000fb0f0f90, 0x00000000fb0f1000, 0x00000000fc2c0000)
No shared spaces configured.
Event: 1.977 GC heap after
Heap after GC invocations=17 (full 0):
 def new generation   total 18368K, used 1316K [0x00000000bf200000, 0x00000000c05e0000, 0x00000000d30a0000)
  eden space 16384K,   0% used [0x00000000bf200000, 0x00000000bf200000, 0x00000000c0200000)
  from space 1984K,  66% used [0x00000000c03f0000, 0x00000000c05390e8, 0x00000000c05e0000)
  to   space 1984K,   0% used [0x00000000c0200000, 0x00000000c0200000, 0x00000000c03f0000)
 tenured generation   total 40768K, used 15286K [0x00000000d30a0000, 0x00000000d5870000, 0x00000000fae00000)
   the space 40768K,  37% used [0x00000000d30a0000, 0x00000000d3f8d950, 0x00000000d3f8da00, 0x00000000d5870000)
 compacting perm gen  total 21248K, used 3011K [0x00000000fae00000, 0x00000000fc2c0000, 0x0000000100000000)
   the space 21248K,  14% used [0x00000000fae00000, 0x00000000fb0f0f90, 0x00000000fb0f1000, 0x00000000fc2c0000)
No shared spaces configured.
}
Event: 2.024 GC heap before
{Heap before GC invocations=17 (full 0):
 def new generation   total 18368K, used 17700K [0x00000000bf200000, 0x00000000c05e0000, 0x00000000d30a0000)
  eden space 16384K, 100% used [0x00000000bf200000, 0x00000000c0200000, 0x00000000c0200000)
  from space 1984K,  66% used [0x00000000c03f0000, 0x00000000c05390e8, 0x00000000c05e0000)
  to   space 1984K,   0% used [0x00000000c0200000, 0x00000000c0200000, 0x00000000c03f0000)
 tenured generation   total 40768K, used 15286K [0x00000000d30a0000, 0x00000000d5870000, 0x00000000fae00000)
   the space 40768K,  37% used [0x00000000d30a0000, 0x00000000d3f8d950, 0x00000000d3f8da00, 0x00000000d5870000)
 compacting perm gen  total 21248K, used 3012K [0x00000000fae00000, 0x00000000fc2c0000, 0x0000000100000000)
   the space 21248K,  14% used [0x00000000fae00000, 0x00000000fb0f1150, 0x00000000fb0f1200, 0x00000000fc2c0000)
No shared spaces configured.
Event: 2.034 GC heap after
Heap after GC invocations=18 (full 0):
 def new generation   total 18368K, used 912K [0x00000000bf200000, 0x00000000c05e0000, 0x00000000d30a0000)
  eden space 16384K,   0% used [0x00000000bf200000, 0x00000000bf200000, 0x00000000c0200000)
  from space 1984K,  45% used [0x00000000c0200000, 0x00000000c02e4010, 0x00000000c03f0000)
  to   space 1984K,   0% used [0x00000000c03f0000, 0x00000000c03f0000, 0x00000000c05e0000)
 tenured generation   total 40768K, used 16598K [0x00000000d30a0000, 0x00000000d5870000, 0x00000000fae00000)
   the space 40768K,  40% used [0x00000000d30a0000, 0x00000000d40d5b08, 0x00000000d40d5c00, 0x00000000d5870000)
 compacting perm gen  total 21248K, used 3012K [0x00000000fae00000, 0x00000000fc2c0000, 0x0000000100000000)
   the space 21248K,  14% used [0x00000000fae00000, 0x00000000fb0f1150, 0x00000000fb0f1200, 0x00000000fc2c0000)
No shared spaces configured.
}
Event: 2.076 GC heap before
{Heap before GC invocations=18 (full 0):
 def new generation   total 18368K, used 17296K [0x00000000bf200000, 0x00000000c05e0000, 0x00000000d30a0000)
  eden space 16384K, 100% used [0x00000000bf200000, 0x00000000c0200000, 0x00000000c0200000)
  from space 1984K,  45% used [0x00000000c0200000, 0x00000000c02e4010, 0x00000000c03f0000)
  to   space 1984K,   0% used [0x00000000c03f0000, 0x00000000c03f0000, 0x00000000c05e0000)
 tenured generation   total 40768K, used 16598K [0x00000000d30a0000, 0x00000000d5870000, 0x00000000fae00000)
   the space 40768K,  40% used [0x00000000d30a0000, 0x00000000d40d5b08, 0x00000000d40d5c00, 0x00000000d5870000)
 compacting perm gen  total 21248K, used 3012K [0x00000000fae00000, 0x00000000fc2c0000, 0x0000000100000000)
   the space 21248K,  14% used [0x00000000fae00000, 0x00000000fb0f1150, 0x00000000fb0f1200, 0x00000000fc2c0000)
No shared spaces configured.
Event: 2.086 GC heap after
Heap after GC invocations=19 (full 0):
 def new generation   total 18368K, used 1733K [0x00000000bf200000, 0x00000000c05e0000, 0x00000000d30a0000)
  eden space 16384K,   0% used [0x00000000bf200000, 0x00000000bf200000, 0x00000000c0200000)
  from space 1984K,  87% used [0x00000000c03f0000, 0x00000000c05a1678, 0x00000000c05e0000)
  to   space 1984K,   0% used [0x00000000c0200000, 0x00000000c0200000, 0x00000000c03f0000)
 tenured generation   total 40768K, used 16598K [0x00000000d30a0000, 0x00000000d5870000, 0x00000000fae00000)
   the space 40768K,  40% used [0x00000000d30a0000, 0x00000000d40d5b08, 0x00000000d40d5c00, 0x00000000d5870000)
 compacting perm gen  total 21248K, used 3012K [0x00000000fae00000, 0x00000000fc2c0000, 0x0000000100000000)
   the space 21248K,  14% used [0x00000000fae00000, 0x00000000fb0f1150, 0x00000000fb0f1200, 0x00000000fc2c0000)
No shared spaces configured.
}

