# JRE version: Java(TM) SE Runtime Environment (7.0_80-b15) (build 1.7.0_80-b15)
# Java VM: Java HotSpot(TM) 64-Bit Server VM (24.80-b11 mixed mode linux-amd64 compressed oops)
Heap
 def new generation   total 88768K, used 10354K [0x00000000bf200000, 0x00000000c5250000, 0x00000000d30a0000)
  eden space 78912K,   2% used [0x00000000bf200000, 0x00000000bf443c48, 0x00000000c3f10000)
  from space 9856K,  81% used [0x00000000c48b0000, 0x00000000c5088be0, 0x00000000c5250000)
  to   space 9856K,   0% used [0x00000000c3f10000, 0x00000000c3f10000, 0x00000000c48b0000)
 tenured generation   total 197100K, used 118259K [0x00000000d30a0000, 0x00000000df11b000, 0x00000000fae00000)
   the space 197100K,  59% used [0x00000000d30a0000, 0x00000000da41cff0, 0x00000000da41d000, 0x00000000df11b000)
 compacting perm gen  total 21248K, used 3335K [0x00000000fae00000, 0x00000000fc2c0000, 0x0000000100000000)
   the space 21248K,  15% used [0x00000000fae00000, 0x00000000fb141dc8, 0x00000000fb141e00, 0x00000000fc2c0000)
GC Heap History (10 events):
Event: 11.044 GC heap before
{Heap before GC invocations=60 (full 2):
 def new generation   total 51584K, used 49044K [0x00000000bf200000, 0x00000000c29f0000, 0x00000000d30a0000)
  eden space 45888K, 100% used [0x00000000bf200000, 0x00000000c1ed0000, 0x00000000c1ed0000)
  from space 5696K,  55% used [0x00000000c2460000, 0x00000000c2775358, 0x00000000c29f0000)
  to   space 5696K,   0% used [0x00000000c1ed0000, 0x00000000c1ed0000, 0x00000000c2460000)
 tenured generation   total 114420K, used 103355K [0x00000000d30a0000, 0x00000000da05d000, 0x00000000fae00000)
   the space 114420K,  90% used [0x00000000d30a0000, 0x00000000d958ecf0, 0x00000000d958ee00, 0x00000000da05d000)
 compacting perm gen  total 21248K, used 3179K [0x00000000fae00000, 0x00000000fc2c0000, 0x0000000100000000)
   the space 21248K,  14% used [0x00000000fae00000, 0x00000000fb11af70, 0x00000000fb11b000, 0x00000000fc2c0000)
No shared spaces configured.
Event: 11.078 GC heap after
Heap after GC invocations=61 (full 2):
 def new generation   total 51584K, used 3184K [0x00000000bf200000, 0x00000000c29f0000, 0x00000000d30a0000)
  eden space 45888K,   0% used [0x00000000bf200000, 0x00000000bf200000, 0x00000000c1ed0000)
  from space 5696K,  55% used [0x00000000c1ed0000, 0x00000000c21ec060, 0x00000000c2460000)
  to   space 5696K,   0% used [0x00000000c2460000, 0x00000000c2460000, 0x00000000c29f0000)
 tenured generation   total 114420K, used 106422K [0x00000000d30a0000, 0x00000000da05d000, 0x00000000fae00000)
   the space 114420K,  93% used [0x00000000d30a0000, 0x00000000d988da98, 0x00000000d988dc00, 0x00000000da05d000)
 compacting perm gen  total 21248K, used 3179K [0x00000000fae00000, 0x00000000fc2c0000, 0x0000000100000000)
   the space 21248K,  14% used [0x00000000fae00000, 0x00000000fb11af70, 0x00000000fb11b000, 0x00000000fc2c0000)
No shared spaces configured.
}
Event: 11.294 GC heap before
{Heap before GC invocations=61 (full 2):
 def new generation   total 51584K, used 49066K [0x00000000bf200000, 0x00000000c29f0000, 0x00000000d30a0000)
  eden space 45888K,  99% used [0x00000000bf200000, 0x00000000c1ece810, 0x00000000c1ed0000)
  from space 5696K,  55% used [0x00000000c1ed0000, 0x00000000c21ec060, 0x00000000c2460000)
  to   space 5696K,   0% used [0x00000000c2460000, 0x00000000c2460000, 0x00000000c29f0000)
 tenured generation   total 114420K, used 106422K [0x00000000d30a0000, 0x00000000da05d000, 0x00000000fae00000)
   the space 114420K,  93% used [0x00000000d30a0000, 0x00000000d988da98, 0x00000000d988dc00, 0x00000000da05d000)
 compacting perm gen  total 21248K, used 3179K [0x00000000fae00000, 0x00000000fc2c0000, 0x0000000100000000)
   the space 21248K,  14% used [0x00000000fae00000, 0x00000000fb11af70, 0x00000000fb11b000, 0x00000000fc2c0000)
No shared spaces configured.
Event: 11.354 GC heap after
Heap after GC invocations=62 (full 2):
 def new generation   total 51584K, used 4243K [0x00000000bf200000, 0x00000000c29f0000, 0x00000000d30a0000)
  eden space 45888K,   0% used [0x00000000bf200000, 0x00000000bf200000, 0x00000000c1ed0000)
  from space 5696K,  74% used [0x00000000c2460000, 0x00000000c2884f30, 0x00000000c29f0000)
  to   space 5696K,   0% used [0x00000000c1ed0000, 0x00000000c1ed0000, 0x00000000c2460000)
 tenured generation   total 114420K, used 109502K [0x00000000d30a0000, 0x00000000da05d000, 0x00000000fae00000)
   the space 114420K,  95% used [0x00000000d30a0000, 0x00000000d9b8fb18, 0x00000000d9b8fc00, 0x00000000da05d000)
 compacting perm gen  total 21248K, used 3179K [0x00000000fae00000, 0x00000000fc2c0000, 0x0000000100000000)
   the space 21248K,  14% used [0x00000000fae00000, 0x00000000fb11af70, 0x00000000fb11b000, 0x00000000fc2c0000)
No shared spaces configured.
}
Event: 11.643 GC heap before
{Heap before GC invocations=62 (full 2):
 def new generation   total 51584K, used 50131K [0x00000000bf200000, 0x00000000c29f0000, 0x00000000d30a0000)
  eden space 45888K, 100% used [0x00000000bf200000, 0x00000000c1ed0000, 0x00000000c1ed0000)
  from space 5696K,  74% used [0x00000000c2460000, 0x00000000c2884f30, 0x00000000c29f0000)
  to   space 5696K,   0% used [0x00000000c1ed0000, 0x00000000c1ed0000, 0x00000000c2460000)
 tenured generation   total 114420K, used 109502K [0x00000000d30a0000, 0x00000000da05d000, 0x00000000fae00000)
   the space 114420K,  95% used [0x00000000d30a0000, 0x00000000d9b8fb18, 0x00000000d9b8fc00, 0x00000000da05d000)
 compacting perm gen  total 21248K, used 3179K [0x00000000fae00000, 0x00000000fc2c0000, 0x0000000100000000)
   the space 21248K,  14% used [0x00000000fae00000, 0x00000000fb11af70, 0x00000000fb11b000, 0x00000000fc2c0000)
No shared spaces configured.
Event: 11.676 GC heap after
Heap after GC invocations=63 (full 2):
 def new generation   total 51584K, used 4593K [0x00000000bf200000, 0x00000000c29f0000, 0x00000000d30a0000)
  eden space 45888K,   0% used [0x00000000bf200000, 0x00000000bf200000, 0x00000000c1ed0000)
  from space 5696K,  80% used [0x00000000c1ed0000, 0x00000000c234c438, 0x00000000c2460000)
  to   space 5696K,   0% used [0x00000000c2460000, 0x00000000c2460000, 0x00000000c29f0000)
 tenured generation   total 114420K, used 113701K [0x00000000d30a0000, 0x00000000da05d000, 0x00000000fae00000)
   the space 114420K,  99% used [0x00000000d30a0000, 0x00000000d9fa94a0, 0x00000000d9fa9600, 0x00000000da05d000)
 compacting perm gen  total 21248K, used 3179K [0x00000000fae00000, 0x00000000fc2c0000, 0x0000000100000000)
   the space 21248K,  14% used [0x00000000fae00000, 0x00000000fb11af70, 0x00000000fb11b000, 0x00000000fc2c0000)
No shared spaces configured.
}
Event: 11.892 GC heap before
{Heap before GC invocations=63 (full 2):
 def new generation   total 51584K, used 50481K [0x00000000bf200000, 0x00000000c29f0000, 0x00000000d30a0000)
  eden space 45888K, 100% used [0x00000000bf200000, 0x00000000c1ed0000, 0x00000000c1ed0000)
  from space 5696K,  80% used [0x00000000c1ed0000, 0x00000000c234c438, 0x00000000c2460000)
  to   space 5696K,   0% used [0x00000000c2460000, 0x00000000c2460000, 0x00000000c29f0000)
 tenured generation   total 114420K, used 113701K [0x00000000d30a0000, 0x00000000da05d000, 0x00000000fae00000)
   the space 114420K,  99% used [0x00000000d30a0000, 0x00000000d9fa94a0, 0x00000000d9fa9600, 0x00000000da05d000)
 compacting perm gen  total 21248K, used 3180K [0x00000000fae00000, 0x00000000fc2c0000, 0x0000000100000000)
   the space 21248K,  14% used [0x00000000fae00000, 0x00000000fb11b1d0, 0x00000000fb11b200, 0x00000000fc2c0000)
No shared spaces configured.
Event: 12.098 GC heap after
Heap after GC invocations=64 (full 3):
 def new generation   total 88768K, used 3205K [0x00000000bf200000, 0x00000000c5250000, 0x00000000d30a0000)
  eden space 78912K,   4% used [0x00000000bf200000, 0x00000000bf521448, 0x00000000c3f10000)
  from space 9856K,   0% used [0x00000000c3f10000, 0x00000000c3f10000, 0x00000000c48b0000)
  to   space 9856K,   0% used [0x00000000c48b0000, 0x00000000c48b0000, 0x00000000c5250000)
 tenured generation   total 197100K, used 118259K [0x00000000d30a0000, 0x00000000df11b000, 0x00000000fae00000)
   the space 197100K,  59% used [0x00000000d30a0000, 0x00000000da41cff0, 0x00000000da41d000, 0x00000000df11b000)
 compacting perm gen  total 21248K, used 3180K [0x00000000fae00000, 0x00000000fc2c0000, 0x0000000100000000)
   the space 21248K,  14% used [0x00000000fae00000, 0x00000000fb11b1d0, 0x00000000fb11b200, 0x00000000fc2c0000)
No shared spaces configured.
}
Event: 12.645 GC heap before
{Heap before GC invocations=64 (full 3):
 def new generation   total 88768K, used 78912K [0x00000000bf200000, 0x00000000c5250000, 0x00000000d30a0000)
  eden space 78912K, 100% used [0x00000000bf200000, 0x00000000c3f10000, 0x00000000c3f10000)
  from space 9856K,   0% used [0x00000000c3f10000, 0x00000000c3f10000, 0x00000000c48b0000)
  to   space 9856K,   0% used [0x00000000c48b0000, 0x00000000c48b0000, 0x00000000c5250000)
 tenured generation   total 197100K, used 118259K [0x00000000d30a0000, 0x00000000df11b000, 0x00000000fae00000)
   the space 197100K,  59% used [0x00000000d30a0000, 0x00000000da41cff0, 0x00000000da41d000, 0x00000000df11b000)
 compacting perm gen  total 21248K, used 3186K [0x00000000fae00000, 0x00000000fc2c0000, 0x0000000100000000)
   the space 21248K,  14% used [0x00000000fae00000, 0x00000000fb11ca68, 0x00000000fb11cc00, 0x00000000fc2c0000)
No shared spaces configured.
Event: 12.749 GC heap after
Heap after GC invocations=65 (full 3):
 def new generation   total 88768K, used 8034K [0x00000000bf200000, 0x00000000c5250000, 0x00000000d30a0000)
  eden space 78912K,   0% used [0x00000000bf200000, 0x00000000bf200000, 0x00000000c3f10000)
  from space 9856K,  81% used [0x00000000c48b0000, 0x00000000c5088be0, 0x00000000c5250000)
  to   space 9856K,   0% used [0x00000000c3f10000, 0x00000000c3f10000, 0x00000000c48b0000)
 tenured generation   total 197100K, used 118259K [0x00000000d30a0000, 0x00000000df11b000, 0x00000000fae00000)
   the space 197100K,  59% used [0x00000000d30a0000, 0x00000000da41cff0, 0x00000000da41d000, 0x00000000df11b000)
 compacting perm gen  total 21248K, used 3186K [0x00000000fae00000, 0x00000000fc2c0000, 0x0000000100000000)
   the space 21248K,  14% used [0x00000000fae00000, 0x00000000fb11ca68, 0x00000000fb11cc00, 0x00000000fc2c0000)
No shared spaces configured.
}

