# JRE version: Java(TM) SE Runtime Environment (7.0_80-b15) (build 1.7.0_80-b15)
# Java VM: Java HotSpot(TM) 64-Bit Server VM (24.80-b11 mixed mode linux-amd64 compressed oops)
Heap
 def new generation   total 18368K, used 17547K [0x00000000bf200000, 0x00000000c05e0000, 0x00000000d30a0000)
  eden space 16384K, 100% used [0x00000000bf200000, 0x00000000c0200000, 0x00000000c0200000)
  from space 1984K,  58% used [0x00000000c0200000, 0x00000000c0322ff0, 0x00000000c03f0000)
  to   space 1984K,  25% used [0x00000000c03f0000, 0x00000000c0470978, 0x00000000c05e0000)
 tenured generation   total 40768K, used 14071K [0x00000000d30a0000, 0x00000000d5870000, 0x00000000fae00000)
   the space 40768K,  34% used [0x00000000d30a0000, 0x00000000d3e5dc38, 0x00000000d3e5de00, 0x00000000d5870000)
 compacting perm gen  total 21248K, used 3345K [0x00000000fae00000, 0x00000000fc2c0000, 0x0000000100000000)
   the space 21248K,  15% used [0x00000000fae00000, 0x00000000fb1447e0, 0x00000000fb144800, 0x00000000fc2c0000)
GC Heap History (10 events):
Event: 2.039 GC heap after
Heap after GC invocations=8 (full 0):
 def new generation   total 18368K, used 1246K [0x00000000bf200000, 0x00000000c05e0000, 0x00000000d30a0000)
  eden space 16384K,   0% used [0x00000000bf200000, 0x00000000bf200000, 0x00000000c0200000)
  from space 1984K,  62% used [0x00000000c0200000, 0x00000000c0337860, 0x00000000c03f0000)
  to   space 1984K,   0% used [0x00000000c03f0000, 0x00000000c03f0000, 0x00000000c05e0000)
 tenured generation   total 40768K, used 8611K [0x00000000d30a0000, 0x00000000d5870000, 0x00000000fae00000)
   the space 40768K,  21% used [0x00000000d30a0000, 0x00000000d3908c48, 0x00000000d3908e00, 0x00000000d5870000)
 compacting perm gen  total 21248K, used 3034K [0x00000000fae00000, 0x00000000fc2c0000, 0x0000000100000000)
   the space 21248K,  14% used [0x00000000fae00000, 0x00000000fb0f6a78, 0x00000000fb0f6c00, 0x00000000fc2c0000)
No shared spaces configured.
}
Event: 2.121 GC heap before
{Heap before GC invocations=8 (full 0):
 def new generation   total 18368K, used 17630K [0x00000000bf200000, 0x00000000c05e0000, 0x00000000d30a0000)
  eden space 16384K, 100% used [0x00000000bf200000, 0x00000000c0200000, 0x00000000c0200000)
  from space 1984K,  62% used [0x00000000c0200000, 0x00000000c0337860, 0x00000000c03f0000)
  to   space 1984K,   0% used [0x00000000c03f0000, 0x00000000c03f0000, 0x00000000c05e0000)
 tenured generation   total 40768K, used 8611K [0x00000000d30a0000, 0x00000000d5870000, 0x00000000fae00000)
   the space 40768K,  21% used [0x00000000d30a0000, 0x00000000d3908c48, 0x00000000d3908e00, 0x00000000d5870000)
 compacting perm gen  total 21248K, used 3034K [0x00000000fae00000, 0x00000000fc2c0000, 0x0000000100000000)
   the space 21248K,  14% used [0x00000000fae00000, 0x00000000fb0f6a78, 0x00000000fb0f6c00, 0x00000000fc2c0000)
No shared spaces configured.
Event: 2.132 GC heap after
Heap after GC invocations=9 (full 0):
 def new generation   total 18368K, used 1787K [0x00000000bf200000, 0x00000000c05e0000, 0x00000000d30a0000)
  eden space 16384K,   0% used [0x00000000bf200000, 0x00000000bf200000, 0x00000000c0200000)
  from space 1984K,  90% used [0x00000000c03f0000, 0x00000000c05aeed0, 0x00000000c05e0000)
  to   space 1984K,   0% used [0x00000000c0200000, 0x00000000c0200000, 0x00000000c03f0000)
 tenured generation   total 40768K, used 9748K [0x00000000d30a0000, 0x00000000d5870000, 0x00000000fae00000)
   the space 40768K,  23% used [0x00000000d30a0000, 0x00000000d3a252a0, 0x00000000d3a25400, 0x00000000d5870000)
 compacting perm gen  total 21248K, used 3034K [0x00000000fae00000, 0x00000000fc2c0000, 0x0000000100000000)
   the space 21248K,  14% used [0x00000000fae00000, 0x00000000fb0f6a78, 0x00000000fb0f6c00, 0x00000000fc2c0000)
No shared spaces configured.
}
Event: 2.238 GC heap before
{Heap before GC invocations=9 (full 0):
 def new generation   total 18368K, used 18171K [0x00000000bf200000, 0x00000000c05e0000, 0x00000000d30a0000)
  eden space 16384K, 100% used [0x00000000bf200000, 0x00000000c0200000, 0x00000000c0200000)
  from space 1984K,  90% used [0x00000000c03f0000, 0x00000000c05aeed0, 0x00000000c05e0000)
  to   space 1984K,   0% used [0x00000000c0200000, 0x00000000c0200000, 0x00000000c03f0000)
 tenured generation   total 40768K, used 9748K [0x00000000d30a0000, 0x00000000d5870000, 0x00000000fae00000)
   the space 40768K,  23% used [0x00000000d30a0000, 0x00000000d3a252a0, 0x00000000d3a25400, 0x00000000d5870000)
 compacting perm gen  total 21248K, used 3034K [0x00000000fae00000, 0x00000000fc2c0000, 0x0000000100000000)
   the space 21248K,  14% used [0x00000000fae00000, 0x00000000fb0f6b78, 0x00000000fb0f6c00, 0x00000000fc2c0000)
No shared spaces configured.
Event: 2.250 GC heap after
Heap after GC invocations=10 (full 0):
 def new generation   total 18368K, used 1161K [0x00000000bf200000, 0x00000000c05e0000, 0x00000000d30a0000)
  eden space 16384K,   0% used [0x00000000bf200000, 0x00000000bf200000, 0x00000000c0200000)
  from space 1984K,  58% used [0x00000000c0200000, 0x00000000c03224f8, 0x00000000c03f0000)
  to   space 1984K,   0% used [0x00000000c03f0000, 0x00000000c03f0000, 0x00000000c05e0000)
 tenured generation   total 40768K, used 11521K [0x00000000d30a0000, 0x00000000d5870000, 0x00000000fae00000)
   the space 40768K,  28% used [0x00000000d30a0000, 0x00000000d3be0460, 0x00000000d3be0600, 0x00000000d5870000)
 compacting perm gen  total 21248K, used 3034K [0x00000000fae00000, 0x00000000fc2c0000, 0x0000000100000000)
   the space 21248K,  14% used [0x00000000fae00000, 0x00000000fb0f6b78, 0x00000000fb0f6c00, 0x00000000fc2c0000)
No shared spaces configured.
}
Event: 2.349 GC heap before
{Heap before GC invocations=10 (full 0):
 def new generation   total 18368K, used 17545K [0x00000000bf200000, 0x00000000c05e0000, 0x00000000d30a0000)
  eden space 16384K, 100% used [0x00000000bf200000, 0x00000000c0200000, 0x00000000c0200000)
  from space 1984K,  58% used [0x00000000c0200000, 0x00000000c03224f8, 0x00000000c03f0000)
  to   space 1984K,   0% used [0x00000000c03f0000, 0x00000000c03f0000, 0x00000000c05e0000)
 tenured generation   total 40768K, used 11521K [0x00000000d30a0000, 0x00000000d5870000, 0x00000000fae00000)
   the space 40768K,  28% used [0x00000000d30a0000, 0x00000000d3be0460, 0x00000000d3be0600, 0x00000000d5870000)
 compacting perm gen  total 21248K, used 3035K [0x00000000fae00000, 0x00000000fc2c0000, 0x0000000100000000)
   the space 21248K,  14% used [0x00000000fae00000, 0x00000000fb0f6d28, 0x00000000fb0f6e00, 0x00000000fc2c0000)
No shared spaces configured.
Event: 2.399 GC heap after
Heap after GC invocations=11 (full 0):
 def new generation   total 18368K, used 1144K [0x00000000bf200000, 0x00000000c05e0000, 0x00000000d30a0000)
  eden space 16384K,   0% used [0x00000000bf200000, 0x00000000bf200000, 0x00000000c0200000)
  from space 1984K,  57% used [0x00000000c03f0000, 0x00000000c050e338, 0x00000000c05e0000)
  to   space 1984K,   0% used [0x00000000c0200000, 0x00000000c0200000, 0x00000000c03f0000)
 tenured generation   total 40768K, used 12615K [0x00000000d30a0000, 0x00000000d5870000, 0x00000000fae00000)
   the space 40768K,  30% used [0x00000000d30a0000, 0x00000000d3cf1e18, 0x00000000d3cf2000, 0x00000000d5870000)
 compacting perm gen  total 21248K, used 3035K [0x00000000fae00000, 0x00000000fc2c0000, 0x0000000100000000)
   the space 21248K,  14% used [0x00000000fae00000, 0x00000000fb0f6d28, 0x00000000fb0f6e00, 0x00000000fc2c0000)
No shared spaces configured.
}
Event: 2.470 GC heap before
{Heap before GC invocations=11 (full 0):
 def new generation   total 18368K, used 17528K [0x00000000bf200000, 0x00000000c05e0000, 0x00000000d30a0000)
  eden space 16384K, 100% used [0x00000000bf200000, 0x00000000c0200000, 0x00000000c0200000)
  from space 1984K,  57% used [0x00000000c03f0000, 0x00000000c050e338, 0x00000000c05e0000)
  to   space 1984K,   0% used [0x00000000c0200000, 0x00000000c0200000, 0x00000000c03f0000)
 tenured generation   total 40768K, used 12615K [0x00000000d30a0000, 0x00000000d5870000, 0x00000000fae00000)
   the space 40768K,  30% used [0x00000000d30a0000, 0x00000000d3cf1e18, 0x00000000d3cf2000, 0x00000000d5870000)
 compacting perm gen  total 21248K, used 3035K [0x00000000fae00000, 0x00000000fc2c0000, 0x0000000100000000)
   the space 21248K,  14% used [0x00000000fae00000, 0x00000000fb0f6d28, 0x00000000fb0f6e00, 0x00000000fc2c0000)
No shared spaces configured.
Event: 2.476 GC heap after
Heap after GC invocations=12 (full 0):
 def new generation   total 18368K, used 1163K [0x00000000bf200000, 0x00000000c05e0000, 0x00000000d30a0000)
  eden space 16384K,   0% used [0x00000000bf200000, 0x00000000bf200000, 0x00000000c0200000)
  from space 1984K,  58% used [0x00000000c0200000, 0x00000000c0322ff0, 0x00000000c03f0000)
  to   space 1984K,   0% used [0x00000000c03f0000, 0x00000000c03f0000, 0x00000000c05e0000)
 tenured generation   total 40768K, used 13655K [0x00000000d30a0000, 0x00000000d5870000, 0x00000000fae00000)
   the space 40768K,  33% used [0x00000000d30a0000, 0x00000000d3df5cb0, 0x00000000d3df5e00, 0x00000000d5870000)
 compacting perm gen  total 21248K, used 3035K [0x00000000fae00000, 0x00000000fc2c0000, 0x0000000100000000)
   the space 21248K,  14% used [0x00000000fae00000, 0x00000000fb0f6d28, 0x00000000fb0f6e00, 0x00000000fc2c0000)
No shared spaces configured.
}
Event: 2.937 GC heap before
{Heap before GC invocations=12 (full 0):
 def new generation   total 18368K, used 17547K [0x00000000bf200000, 0x00000000c05e0000, 0x00000000d30a0000)
  eden space 16384K, 100% used [0x00000000bf200000, 0x00000000c0200000, 0x00000000c0200000)
  from space 1984K,  58% used [0x00000000c0200000, 0x00000000c0322ff0, 0x00000000c03f0000)
  to   space 1984K,   0% used [0x00000000c03f0000, 0x00000000c03f0000, 0x00000000c05e0000)
 tenured generation   total 40768K, used 13655K [0x00000000d30a0000, 0x00000000d5870000, 0x00000000fae00000)
   the space 40768K,  33% used [0x00000000d30a0000, 0x00000000d3df5cb0, 0x00000000d3df5e00, 0x00000000d5870000)
 compacting perm gen  total 21248K, used 3345K [0x00000000fae00000, 0x00000000fc2c0000, 0x0000000100000000)
   the space 21248K,  15% used [0x00000000fae00000, 0x00000000fb1447e0, 0x00000000fb144800, 0x00000000fc2c0000)
No shared spaces configured.

