# JRE version: Java(TM) SE Runtime Environment (7.0_80-b15) (build 1.7.0_80-b15)
# Java VM: Java HotSpot(TM) 64-Bit Server VM (24.80-b11 mixed mode linux-amd64 compressed oops)
Heap
 def new generation   total 18432K, used 17899K [0x00000000bf200000, 0x00000000c0600000, 0x00000000d30a0000)
  eden space 16384K, 100% used [0x00000000bf200000, 0x00000000c0200000, 0x00000000c0200000)
  from space 2048K,  74% used [0x00000000c0400000, 0x00000000c057ae48, 0x00000000c0600000)
  to   space 2048K,   4% used [0x00000000c0200000, 0x00000000c0214c00, 0x00000000c0400000)
 tenured generation   total 40768K, used 27507K [0x00000000d30a0000, 0x00000000d5870000, 0x00000000fae00000)
   the space 40768K,  67% used [0x00000000d30a0000, 0x00000000d4b7cfa0, 0x00000000d4b7d000, 0x00000000d5870000)
 compacting perm gen  total 21248K, used 3141K [0x00000000fae00000, 0x00000000fc2c0000, 0x0000000100000000)
   the space 21248K,  14% used [0x00000000fae00000, 0x00000000fb1116a0, 0x00000000fb111800, 0x00000000fc2c0000)
GC Heap History (10 events):
Event: 4.075 GC heap after
Heap after GC invocations=69 (full 1):
 def new generation   total 18432K, used 1247K [0x00000000bf200000, 0x00000000c0600000, 0x00000000d30a0000)
  eden space 16384K,   0% used [0x00000000bf200000, 0x00000000bf200000, 0x00000000c0200000)
  from space 2048K,  60% used [0x00000000c0400000, 0x00000000c0537e98, 0x00000000c0600000)
  to   space 2048K,   0% used [0x00000000c0200000, 0x00000000c0200000, 0x00000000c0400000)
 tenured generation   total 40768K, used 25157K [0x00000000d30a0000, 0x00000000d5870000, 0x00000000fae00000)
   the space 40768K,  61% used [0x00000000d30a0000, 0x00000000d49315f0, 0x00000000d4931600, 0x00000000d5870000)
 compacting perm gen  total 21248K, used 3140K [0x00000000fae00000, 0x00000000fc2c0000, 0x0000000100000000)
   the space 21248K,  14% used [0x00000000fae00000, 0x00000000fb111278, 0x00000000fb111400, 0x00000000fc2c0000)
No shared spaces configured.
}
Event: 4.112 GC heap before
{Heap before GC invocations=69 (full 1):
 def new generation   total 18432K, used 17631K [0x00000000bf200000, 0x00000000c0600000, 0x00000000d30a0000)
  eden space 16384K, 100% used [0x00000000bf200000, 0x00000000c0200000, 0x00000000c0200000)
  from space 2048K,  60% used [0x00000000c0400000, 0x00000000c0537e98, 0x00000000c0600000)
  to   space 2048K,   0% used [0x00000000c0200000, 0x00000000c0200000, 0x00000000c0400000)
 tenured generation   total 40768K, used 25157K [0x00000000d30a0000, 0x00000000d5870000, 0x00000000fae00000)
   the space 40768K,  61% used [0x00000000d30a0000, 0x00000000d49315f0, 0x00000000d4931600, 0x00000000d5870000)
 compacting perm gen  total 21248K, used 3140K [0x00000000fae00000, 0x00000000fc2c0000, 0x0000000100000000)
   the space 21248K,  14% used [0x00000000fae00000, 0x00000000fb111278, 0x00000000fb111400, 0x00000000fc2c0000)
No shared spaces configured.
Event: 4.116 GC heap after
Heap after GC invocations=70 (full 1):
 def new generation   total 18432K, used 1366K [0x00000000bf200000, 0x00000000c0600000, 0x00000000d30a0000)
  eden space 16384K,   0% used [0x00000000bf200000, 0x00000000bf200000, 0x00000000c0200000)
  from space 2048K,  66% used [0x00000000c0200000, 0x00000000c03558c8, 0x00000000c0400000)
  to   space 2048K,   0% used [0x00000000c0400000, 0x00000000c0400000, 0x00000000c0600000)
 tenured generation   total 40768K, used 25708K [0x00000000d30a0000, 0x00000000d5870000, 0x00000000fae00000)
   the space 40768K,  63% used [0x00000000d30a0000, 0x00000000d49bb170, 0x00000000d49bb200, 0x00000000d5870000)
 compacting perm gen  total 21248K, used 3140K [0x00000000fae00000, 0x00000000fc2c0000, 0x0000000100000000)
   the space 21248K,  14% used [0x00000000fae00000, 0x00000000fb111278, 0x00000000fb111400, 0x00000000fc2c0000)
No shared spaces configured.
}
Event: 4.143 GC heap before
{Heap before GC invocations=70 (full 1):
 def new generation   total 18432K, used 17750K [0x00000000bf200000, 0x00000000c0600000, 0x00000000d30a0000)
  eden space 16384K, 100% used [0x00000000bf200000, 0x00000000c0200000, 0x00000000c0200000)
  from space 2048K,  66% used [0x00000000c0200000, 0x00000000c03558c8, 0x00000000c0400000)
  to   space 2048K,   0% used [0x00000000c0400000, 0x00000000c0400000, 0x00000000c0600000)
 tenured generation   total 40768K, used 25708K [0x00000000d30a0000, 0x00000000d5870000, 0x00000000fae00000)
   the space 40768K,  63% used [0x00000000d30a0000, 0x00000000d49bb170, 0x00000000d49bb200, 0x00000000d5870000)
 compacting perm gen  total 21248K, used 3140K [0x00000000fae00000, 0x00000000fc2c0000, 0x0000000100000000)
   the space 21248K,  14% used [0x00000000fae00000, 0x00000000fb111338, 0x00000000fb111400, 0x00000000fc2c0000)
No shared spaces configured.
Event: 4.145 GC heap after
Heap after GC invocations=71 (full 1):
 def new generation   total 18432K, used 1081K [0x00000000bf200000, 0x00000000c0600000, 0x00000000d30a0000)
  eden space 16384K,   0% used [0x00000000bf200000, 0x00000000bf200000, 0x00000000c0200000)
  from space 2048K,  52% used [0x00000000c0400000, 0x00000000c050e5c0, 0x00000000c0600000)
  to   space 2048K,   0% used [0x00000000c0200000, 0x00000000c0200000, 0x00000000c0400000)
 tenured generation   total 40768K, used 26390K [0x00000000d30a0000, 0x00000000d5870000, 0x00000000fae00000)
   the space 40768K,  64% used [0x00000000d30a0000, 0x00000000d4a65ba8, 0x00000000d4a65c00, 0x00000000d5870000)
 compacting perm gen  total 21248K, used 3140K [0x00000000fae00000, 0x00000000fc2c0000, 0x0000000100000000)
   the space 21248K,  14% used [0x00000000fae00000, 0x00000000fb111338, 0x00000000fb111400, 0x00000000fc2c0000)
No shared spaces configured.
}
Event: 4.169 GC heap before
{Heap before GC invocations=71 (full 1):
 def new generation   total 18432K, used 17465K [0x00000000bf200000, 0x00000000c0600000, 0x00000000d30a0000)
  eden space 16384K, 100% used [0x00000000bf200000, 0x00000000c0200000, 0x00000000c0200000)
  from space 2048K,  52% used [0x00000000c0400000, 0x00000000c050e5c0, 0x00000000c0600000)
  to   space 2048K,   0% used [0x00000000c0200000, 0x00000000c0200000, 0x00000000c0400000)
 tenured generation   total 40768K, used 26390K [0x00000000d30a0000, 0x00000000d5870000, 0x00000000fae00000)
   the space 40768K,  64% used [0x00000000d30a0000, 0x00000000d4a65ba8, 0x00000000d4a65c00, 0x00000000d5870000)
 compacting perm gen  total 21248K, used 3140K [0x00000000fae00000, 0x00000000fc2c0000, 0x0000000100000000)
   the space 21248K,  14% used [0x00000000fae00000, 0x00000000fb111338, 0x00000000fb111400, 0x00000000fc2c0000)
No shared spaces configured.
Event: 4.172 GC heap after
Heap after GC invocations=72 (full 1):
 def new generation   total 18432K, used 1098K [0x00000000bf200000, 0x00000000c0600000, 0x00000000d30a0000)
  eden space 16384K,   0% used [0x00000000bf200000, 0x00000000bf200000, 0x00000000c0200000)
  from space 2048K,  53% used [0x00000000c0200000, 0x00000000c0312ab0, 0x00000000c0400000)
  to   space 2048K,   0% used [0x00000000c0400000, 0x00000000c0400000, 0x00000000c0600000)
 tenured generation   total 40768K, used 27030K [0x00000000d30a0000, 0x00000000d5870000, 0x00000000fae00000)
   the space 40768K,  66% used [0x00000000d30a0000, 0x00000000d4b05850, 0x00000000d4b05a00, 0x00000000d5870000)
 compacting perm gen  total 21248K, used 3140K [0x00000000fae00000, 0x00000000fc2c0000, 0x0000000100000000)
   the space 21248K,  14% used [0x00000000fae00000, 0x00000000fb111338, 0x00000000fb111400, 0x00000000fc2c0000)
No shared spaces configured.
}
Event: 4.196 GC heap before
{Heap before GC invocations=72 (full 1):
 def new generation   total 18432K, used 17442K [0x00000000bf200000, 0x00000000c0600000, 0x00000000d30a0000)
  eden space 16384K,  99% used [0x00000000bf200000, 0x00000000c01f5ea8, 0x00000000c0200000)
  from space 2048K,  53% used [0x00000000c0200000, 0x00000000c0312ab0, 0x00000000c0400000)
  to   space 2048K,   0% used [0x00000000c0400000, 0x00000000c0400000, 0x00000000c0600000)
 tenured generation   total 40768K, used 27030K [0x00000000d30a0000, 0x00000000d5870000, 0x00000000fae00000)
   the space 40768K,  66% used [0x00000000d30a0000, 0x00000000d4b05850, 0x00000000d4b05a00, 0x00000000d5870000)
 compacting perm gen  total 21248K, used 3141K [0x00000000fae00000, 0x00000000fc2c0000, 0x0000000100000000)
   the space 21248K,  14% used [0x00000000fae00000, 0x00000000fb1116a0, 0x00000000fb111800, 0x00000000fc2c0000)
No shared spaces configured.
Event: 4.200 GC heap after
Heap after GC invocations=73 (full 1):
 def new generation   total 18432K, used 1515K [0x00000000bf200000, 0x00000000c0600000, 0x00000000d30a0000)
  eden space 16384K,   0% used [0x00000000bf200000, 0x00000000bf200000, 0x00000000c0200000)
  from space 2048K,  74% used [0x00000000c0400000, 0x00000000c057ae48, 0x00000000c0600000)
  to   space 2048K,   0% used [0x00000000c0200000, 0x00000000c0200000, 0x00000000c0400000)
 tenured generation   total 40768K, used 27469K [0x00000000d30a0000, 0x00000000d5870000, 0x00000000fae00000)
   the space 40768K,  67% used [0x00000000d30a0000, 0x00000000d4b73780, 0x00000000d4b73800, 0x00000000d5870000)
 compacting perm gen  total 21248K, used 3141K [0x00000000fae00000, 0x00000000fc2c0000, 0x0000000100000000)
   the space 21248K,  14% used [0x00000000fae00000, 0x00000000fb1116a0, 0x00000000fb111800, 0x00000000fc2c0000)
No shared spaces configured.
}
Event: 4.224 GC heap before
{Heap before GC invocations=73 (full 1):
 def new generation   total 18432K, used 17899K [0x00000000bf200000, 0x00000000c0600000, 0x00000000d30a0000)
  eden space 16384K, 100% used [0x00000000bf200000, 0x00000000c0200000, 0x00000000c0200000)
  from space 2048K,  74% used [0x00000000c0400000, 0x00000000c057ae48, 0x00000000c0600000)
  to   space 2048K,   0% used [0x00000000c0200000, 0x00000000c0200000, 0x00000000c0400000)
 tenured generation   total 40768K, used 27469K [0x00000000d30a0000, 0x00000000d5870000, 0x00000000fae00000)
   the space 40768K,  67% used [0x00000000d30a0000, 0x00000000d4b73780, 0x00000000d4b73800, 0x00000000d5870000)
 compacting perm gen  total 21248K, used 3141K [0x00000000fae00000, 0x00000000fc2c0000, 0x0000000100000000)
   the space 21248K,  14% used [0x00000000fae00000, 0x00000000fb1116a0, 0x00000000fb111800, 0x00000000fc2c0000)
No shared spaces configured.

