# JRE version: Java(TM) SE Runtime Environment (7.0_80-b15) (build 1.7.0_80-b15)
# Java VM: Java HotSpot(TM) 64-Bit Server VM (24.80-b11 mixed mode linux-amd64 compressed oops)
Heap
 def new generation   total 18368K, used 16979K [0x00000000bf200000, 0x00000000c05e0000, 0x00000000d30a0000)
  eden space 16384K,  96% used [0x00000000bf200000, 0x00000000c0171460, 0x00000000c0200000)
  from space 1984K,  58% used [0x00000000c0200000, 0x00000000c0323ab0, 0x00000000c03f0000)
  to   space 1984K,   0% used [0x00000000c03f0000, 0x00000000c03f0000, 0x00000000c05e0000)
 tenured generation   total 40768K, used 13726K [0x00000000d30a0000, 0x00000000d5870000, 0x00000000fae00000)
   the space 40768K,  33% used [0x00000000d30a0000, 0x00000000d3e07a68, 0x00000000d3e07c00, 0x00000000d5870000)
 compacting perm gen  total 21248K, used 3352K [0x00000000fae00000, 0x00000000fc2c0000, 0x0000000100000000)
   the space 21248K,  15% used [0x00000000fae00000, 0x00000000fb1461e8, 0x00000000fb146200, 0x00000000fc2c0000)
GC Heap History (10 events):
Event: 1.981 GC heap before
{Heap before GC invocations=7 (full 0):
 def new generation   total 18368K, used 17584K [0x00000000bf200000, 0x00000000c05e0000, 0x00000000d30a0000)
  eden space 16384K, 100% used [0x00000000bf200000, 0x00000000c0200000, 0x00000000c0200000)
  from space 1984K,  60% used [0x00000000c03f0000, 0x00000000c051c200, 0x00000000c05e0000)
  to   space 1984K,   0% used [0x00000000c0200000, 0x00000000c0200000, 0x00000000c03f0000)
 tenured generation   total 40768K, used 7473K [0x00000000d30a0000, 0x00000000d5870000, 0x00000000fae00000)
   the space 40768K,  18% used [0x00000000d30a0000, 0x00000000d37ec570, 0x00000000d37ec600, 0x00000000d5870000)
 compacting perm gen  total 21248K, used 3033K [0x00000000fae00000, 0x00000000fc2c0000, 0x0000000100000000)
   the space 21248K,  14% used [0x00000000fae00000, 0x00000000fb0f6790, 0x00000000fb0f6800, 0x00000000fc2c0000)
No shared spaces configured.
Event: 1.986 GC heap after
Heap after GC invocations=8 (full 0):
 def new generation   total 18368K, used 1291K [0x00000000bf200000, 0x00000000c05e0000, 0x00000000d30a0000)
  eden space 16384K,   0% used [0x00000000bf200000, 0x00000000bf200000, 0x00000000c0200000)
  from space 1984K,  65% used [0x00000000c0200000, 0x00000000c0342f08, 0x00000000c03f0000)
  to   space 1984K,   0% used [0x00000000c03f0000, 0x00000000c03f0000, 0x00000000c05e0000)
 tenured generation   total 40768K, used 8591K [0x00000000d30a0000, 0x00000000d5870000, 0x00000000fae00000)
   the space 40768K,  21% used [0x00000000d30a0000, 0x00000000d3903f48, 0x00000000d3904000, 0x00000000d5870000)
 compacting perm gen  total 21248K, used 3033K [0x00000000fae00000, 0x00000000fc2c0000, 0x0000000100000000)
   the space 21248K,  14% used [0x00000000fae00000, 0x00000000fb0f6790, 0x00000000fb0f6800, 0x00000000fc2c0000)
No shared spaces configured.
}
Event: 2.035 GC heap before
{Heap before GC invocations=8 (full 0):
 def new generation   total 18368K, used 17675K [0x00000000bf200000, 0x00000000c05e0000, 0x00000000d30a0000)
  eden space 16384K, 100% used [0x00000000bf200000, 0x00000000c0200000, 0x00000000c0200000)
  from space 1984K,  65% used [0x00000000c0200000, 0x00000000c0342f08, 0x00000000c03f0000)
  to   space 1984K,   0% used [0x00000000c03f0000, 0x00000000c03f0000, 0x00000000c05e0000)
 tenured generation   total 40768K, used 8591K [0x00000000d30a0000, 0x00000000d5870000, 0x00000000fae00000)
   the space 40768K,  21% used [0x00000000d30a0000, 0x00000000d3903f48, 0x00000000d3904000, 0x00000000d5870000)
 compacting perm gen  total 21248K, used 3033K [0x00000000fae00000, 0x00000000fc2c0000, 0x0000000100000000)
   the space 21248K,  14% used [0x00000000fae00000, 0x00000000fb0f6790, 0x00000000fb0f6800, 0x00000000fc2c0000)
No shared spaces configured.
Event: 2.039 GC heap after
Heap after GC invocations=9 (full 0):
 def new generation   total 18368K, used 1748K [0x00000000bf200000, 0x00000000c05e0000, 0x00000000d30a0000)
  eden space 16384K,   0% used [0x00000000bf200000, 0x00000000bf200000, 0x00000000c0200000)
  from space 1984K,  88% used [0x00000000c03f0000, 0x00000000c05a5308, 0x00000000c05e0000)
  to   space 1984K,   0% used [0x00000000c0200000, 0x00000000c0200000, 0x00000000c03f0000)
 tenured generation   total 40768K, used 9813K [0x00000000d30a0000, 0x00000000d5870000, 0x00000000fae00000)
   the space 40768K,  24% used [0x00000000d30a0000, 0x00000000d3a354c8, 0x00000000d3a35600, 0x00000000d5870000)
 compacting perm gen  total 21248K, used 3033K [0x00000000fae00000, 0x00000000fc2c0000, 0x0000000100000000)
   the space 21248K,  14% used [0x00000000fae00000, 0x00000000fb0f6790, 0x00000000fb0f6800, 0x00000000fc2c0000)
No shared spaces configured.
}
Event: 2.089 GC heap before
{Heap before GC invocations=9 (full 0):
 def new generation   total 18368K, used 18132K [0x00000000bf200000, 0x00000000c05e0000, 0x00000000d30a0000)
  eden space 16384K, 100% used [0x00000000bf200000, 0x00000000c0200000, 0x00000000c0200000)
  from space 1984K,  88% used [0x00000000c03f0000, 0x00000000c05a5308, 0x00000000c05e0000)
  to   space 1984K,   0% used [0x00000000c0200000, 0x00000000c0200000, 0x00000000c03f0000)
 tenured generation   total 40768K, used 9813K [0x00000000d30a0000, 0x00000000d5870000, 0x00000000fae00000)
   the space 40768K,  24% used [0x00000000d30a0000, 0x00000000d3a354c8, 0x00000000d3a35600, 0x00000000d5870000)
 compacting perm gen  total 21248K, used 3034K [0x00000000fae00000, 0x00000000fc2c0000, 0x0000000100000000)
   the space 21248K,  14% used [0x00000000fae00000, 0x00000000fb0f6998, 0x00000000fb0f6a00, 0x00000000fc2c0000)
No shared spaces configured.
Event: 2.093 GC heap after
Heap after GC invocations=10 (full 0):
 def new generation   total 18368K, used 1174K [0x00000000bf200000, 0x00000000c05e0000, 0x00000000d30a0000)
  eden space 16384K,   0% used [0x00000000bf200000, 0x00000000bf200000, 0x00000000c0200000)
  from space 1984K,  59% used [0x00000000c0200000, 0x00000000c03259f0, 0x00000000c03f0000)
  to   space 1984K,   0% used [0x00000000c03f0000, 0x00000000c03f0000, 0x00000000c05e0000)
 tenured generation   total 40768K, used 11524K [0x00000000d30a0000, 0x00000000d5870000, 0x00000000fae00000)
   the space 40768K,  28% used [0x00000000d30a0000, 0x00000000d3be1058, 0x00000000d3be1200, 0x00000000d5870000)
 compacting perm gen  total 21248K, used 3034K [0x00000000fae00000, 0x00000000fc2c0000, 0x0000000100000000)
   the space 21248K,  14% used [0x00000000fae00000, 0x00000000fb0f6998, 0x00000000fb0f6a00, 0x00000000fc2c0000)
No shared spaces configured.
}
Event: 2.157 GC heap before
{Heap before GC invocations=10 (full 0):
 def new generation   total 18368K, used 17558K [0x00000000bf200000, 0x00000000c05e0000, 0x00000000d30a0000)
  eden space 16384K, 100% used [0x00000000bf200000, 0x00000000c0200000, 0x00000000c0200000)
  from space 1984K,  59% used [0x00000000c0200000, 0x00000000c03259f0, 0x00000000c03f0000)
  to   space 1984K,   0% used [0x00000000c03f0000, 0x00000000c03f0000, 0x00000000c05e0000)
 tenured generation   total 40768K, used 11524K [0x00000000d30a0000, 0x00000000d5870000, 0x00000000fae00000)
   the space 40768K,  28% used [0x00000000d30a0000, 0x00000000d3be1058, 0x00000000d3be1200, 0x00000000d5870000)
 compacting perm gen  total 21248K, used 3034K [0x00000000fae00000, 0x00000000fc2c0000, 0x0000000100000000)
   the space 21248K,  14% used [0x00000000fae00000, 0x00000000fb0f6b48, 0x00000000fb0f6c00, 0x00000000fc2c0000)
No shared spaces configured.
Event: 2.162 GC heap after
Heap after GC invocations=11 (full 0):
 def new generation   total 18368K, used 1124K [0x00000000bf200000, 0x00000000c05e0000, 0x00000000d30a0000)
  eden space 16384K,   0% used [0x00000000bf200000, 0x00000000bf200000, 0x00000000c0200000)
  from space 1984K,  56% used [0x00000000c03f0000, 0x00000000c05093f8, 0x00000000c05e0000)
  to   space 1984K,   0% used [0x00000000c0200000, 0x00000000c0200000, 0x00000000c03f0000)
 tenured generation   total 40768K, used 12623K [0x00000000d30a0000, 0x00000000d5870000, 0x00000000fae00000)
   the space 40768K,  30% used [0x00000000d30a0000, 0x00000000d3cf3f38, 0x00000000d3cf4000, 0x00000000d5870000)
 compacting perm gen  total 21248K, used 3034K [0x00000000fae00000, 0x00000000fc2c0000, 0x0000000100000000)
   the space 21248K,  14% used [0x00000000fae00000, 0x00000000fb0f6b48, 0x00000000fb0f6c00, 0x00000000fc2c0000)
No shared spaces configured.
}
Event: 2.212 GC heap before
{Heap before GC invocations=11 (full 0):
 def new generation   total 18368K, used 17508K [0x00000000bf200000, 0x00000000c05e0000, 0x00000000d30a0000)
  eden space 16384K, 100% used [0x00000000bf200000, 0x00000000c0200000, 0x00000000c0200000)
  from space 1984K,  56% used [0x00000000c03f0000, 0x00000000c05093f8, 0x00000000c05e0000)
  to   space 1984K,   0% used [0x00000000c0200000, 0x00000000c0200000, 0x00000000c03f0000)
 tenured generation   total 40768K, used 12623K [0x00000000d30a0000, 0x00000000d5870000, 0x00000000fae00000)
   the space 40768K,  30% used [0x00000000d30a0000, 0x00000000d3cf3f38, 0x00000000d3cf4000, 0x00000000d5870000)
 compacting perm gen  total 21248K, used 3034K [0x00000000fae00000, 0x00000000fc2c0000, 0x0000000100000000)
   the space 21248K,  14% used [0x00000000fae00000, 0x00000000fb0f6b48, 0x00000000fb0f6c00, 0x00000000fc2c0000)
No shared spaces configured.
Event: 2.217 GC heap after
Heap after GC invocations=12 (full 0):
 def new generation   total 18368K, used 1166K [0x00000000bf200000, 0x00000000c05e0000, 0x00000000d30a0000)
  eden space 16384K,   0% used [0x00000000bf200000, 0x00000000bf200000, 0x00000000c0200000)
  from space 1984K,  58% used [0x00000000c0200000, 0x00000000c0323ab0, 0x00000000c03f0000)
  to   space 1984K,   0% used [0x00000000c03f0000, 0x00000000c03f0000, 0x00000000c05e0000)
 tenured generation   total 40768K, used 13726K [0x00000000d30a0000, 0x00000000d5870000, 0x00000000fae00000)
   the space 40768K,  33% used [0x00000000d30a0000, 0x00000000d3e07a68, 0x00000000d3e07c00, 0x00000000d5870000)
 compacting perm gen  total 21248K, used 3034K [0x00000000fae00000, 0x00000000fc2c0000, 0x0000000100000000)
   the space 21248K,  14% used [0x00000000fae00000, 0x00000000fb0f6b48, 0x00000000fb0f6c00, 0x00000000fc2c0000)
No shared spaces configured.
}

