# JRE version: Java(TM) SE Runtime Environment (7.0_80-b15) (build 1.7.0_80-b15)
# Java VM: Java HotSpot(TM) 64-Bit Server VM (24.80-b11 mixed mode linux-amd64 compressed oops)
Heap
 def new generation   total 18368K, used 15240K [0x00000000bf200000, 0x00000000c05e0000, 0x00000000d30a0000)
  eden space 16384K,  86% used [0x00000000bf200000, 0x00000000bffc2920, 0x00000000c0200000)
  from space 1984K,  57% used [0x00000000c0200000, 0x00000000c031f858, 0x00000000c03f0000)
  to   space 1984K,   0% used [0x00000000c03f0000, 0x00000000c03f0000, 0x00000000c05e0000)
 tenured generation   total 40768K, used 13670K [0x00000000d30a0000, 0x00000000d5870000, 0x00000000fae00000)
   the space 40768K,  33% used [0x00000000d30a0000, 0x00000000d3df9b88, 0x00000000d3df9c00, 0x00000000d5870000)
 compacting perm gen  total 21248K, used 3344K [0x00000000fae00000, 0x00000000fc2c0000, 0x0000000100000000)
   the space 21248K,  15% used [0x00000000fae00000, 0x00000000fb144390, 0x00000000fb144400, 0x00000000fc2c0000)
GC Heap History (10 events):
Event: 1.731 GC heap before
{Heap before GC invocations=7 (full 0):
 def new generation   total 18368K, used 17601K [0x00000000bf200000, 0x00000000c05e0000, 0x00000000d30a0000)
  eden space 16384K, 100% used [0x00000000bf200000, 0x00000000c0200000, 0x00000000c0200000)
  from space 1984K,  61% used [0x00000000c03f0000, 0x00000000c05206f8, 0x00000000c05e0000)
  to   space 1984K,   0% used [0x00000000c0200000, 0x00000000c0200000, 0x00000000c03f0000)
 tenured generation   total 40768K, used 7425K [0x00000000d30a0000, 0x00000000d5870000, 0x00000000fae00000)
   the space 40768K,  18% used [0x00000000d30a0000, 0x00000000d37e0788, 0x00000000d37e0800, 0x00000000d5870000)
 compacting perm gen  total 21248K, used 3034K [0x00000000fae00000, 0x00000000fc2c0000, 0x0000000100000000)
   the space 21248K,  14% used [0x00000000fae00000, 0x00000000fb0f69b8, 0x00000000fb0f6a00, 0x00000000fc2c0000)
No shared spaces configured.
Event: 1.736 GC heap after
Heap after GC invocations=8 (full 0):
 def new generation   total 18368K, used 1308K [0x00000000bf200000, 0x00000000c05e0000, 0x00000000d30a0000)
  eden space 16384K,   0% used [0x00000000bf200000, 0x00000000bf200000, 0x00000000c0200000)
  from space 1984K,  65% used [0x00000000c0200000, 0x00000000c0347190, 0x00000000c03f0000)
  to   space 1984K,   0% used [0x00000000c03f0000, 0x00000000c03f0000, 0x00000000c05e0000)
 tenured generation   total 40768K, used 8540K [0x00000000d30a0000, 0x00000000d5870000, 0x00000000fae00000)
   the space 40768K,  20% used [0x00000000d30a0000, 0x00000000d38f7210, 0x00000000d38f7400, 0x00000000d5870000)
 compacting perm gen  total 21248K, used 3034K [0x00000000fae00000, 0x00000000fc2c0000, 0x0000000100000000)
   the space 21248K,  14% used [0x00000000fae00000, 0x00000000fb0f69b8, 0x00000000fb0f6a00, 0x00000000fc2c0000)
No shared spaces configured.
}
Event: 1.793 GC heap before
{Heap before GC invocations=8 (full 0):
 def new generation   total 18368K, used 17692K [0x00000000bf200000, 0x00000000c05e0000, 0x00000000d30a0000)
  eden space 16384K, 100% used [0x00000000bf200000, 0x00000000c0200000, 0x00000000c0200000)
  from space 1984K,  65% used [0x00000000c0200000, 0x00000000c0347190, 0x00000000c03f0000)
  to   space 1984K,   0% used [0x00000000c03f0000, 0x00000000c03f0000, 0x00000000c05e0000)
 tenured generation   total 40768K, used 8540K [0x00000000d30a0000, 0x00000000d5870000, 0x00000000fae00000)
   the space 40768K,  20% used [0x00000000d30a0000, 0x00000000d38f7210, 0x00000000d38f7400, 0x00000000d5870000)
 compacting perm gen  total 21248K, used 3034K [0x00000000fae00000, 0x00000000fc2c0000, 0x0000000100000000)
   the space 21248K,  14% used [0x00000000fae00000, 0x00000000fb0f69b8, 0x00000000fb0f6a00, 0x00000000fc2c0000)
No shared spaces configured.
Event: 1.799 GC heap after
Heap after GC invocations=9 (full 0):
 def new generation   total 18368K, used 1789K [0x00000000bf200000, 0x00000000c05e0000, 0x00000000d30a0000)
  eden space 16384K,   0% used [0x00000000bf200000, 0x00000000bf200000, 0x00000000c0200000)
  from space 1984K,  90% used [0x00000000c03f0000, 0x00000000c05af790, 0x00000000c05e0000)
  to   space 1984K,   0% used [0x00000000c0200000, 0x00000000c0200000, 0x00000000c03f0000)
 tenured generation   total 40768K, used 9796K [0x00000000d30a0000, 0x00000000d5870000, 0x00000000fae00000)
   the space 40768K,  24% used [0x00000000d30a0000, 0x00000000d3a31158, 0x00000000d3a31200, 0x00000000d5870000)
 compacting perm gen  total 21248K, used 3034K [0x00000000fae00000, 0x00000000fc2c0000, 0x0000000100000000)
   the space 21248K,  14% used [0x00000000fae00000, 0x00000000fb0f69b8, 0x00000000fb0f6a00, 0x00000000fc2c0000)
No shared spaces configured.
}
Event: 1.857 GC heap before
{Heap before GC invocations=9 (full 0):
 def new generation   total 18368K, used 18173K [0x00000000bf200000, 0x00000000c05e0000, 0x00000000d30a0000)
  eden space 16384K, 100% used [0x00000000bf200000, 0x00000000c0200000, 0x00000000c0200000)
  from space 1984K,  90% used [0x00000000c03f0000, 0x00000000c05af790, 0x00000000c05e0000)
  to   space 1984K,   0% used [0x00000000c0200000, 0x00000000c0200000, 0x00000000c03f0000)
 tenured generation   total 40768K, used 9796K [0x00000000d30a0000, 0x00000000d5870000, 0x00000000fae00000)
   the space 40768K,  24% used [0x00000000d30a0000, 0x00000000d3a31158, 0x00000000d3a31200, 0x00000000d5870000)
 compacting perm gen  total 21248K, used 3034K [0x00000000fae00000, 0x00000000fc2c0000, 0x0000000100000000)
   the space 21248K,  14% used [0x00000000fae00000, 0x00000000fb0f6bc0, 0x00000000fb0f6c00, 0x00000000fc2c0000)
No shared spaces configured.
Event: 1.862 GC heap after
Heap after GC invocations=10 (full 0):
 def new generation   total 18368K, used 1164K [0x00000000bf200000, 0x00000000c05e0000, 0x00000000d30a0000)
  eden space 16384K,   0% used [0x00000000bf200000, 0x00000000bf200000, 0x00000000c0200000)
  from space 1984K,  58% used [0x00000000c0200000, 0x00000000c0323000, 0x00000000c03f0000)
  to   space 1984K,   0% used [0x00000000c03f0000, 0x00000000c03f0000, 0x00000000c05e0000)
 tenured generation   total 40768K, used 11478K [0x00000000d30a0000, 0x00000000d5870000, 0x00000000fae00000)
   the space 40768K,  28% used [0x00000000d30a0000, 0x00000000d3bd59f8, 0x00000000d3bd5a00, 0x00000000d5870000)
 compacting perm gen  total 21248K, used 3034K [0x00000000fae00000, 0x00000000fc2c0000, 0x0000000100000000)
   the space 21248K,  14% used [0x00000000fae00000, 0x00000000fb0f6bc0, 0x00000000fb0f6c00, 0x00000000fc2c0000)
No shared spaces configured.
}
Event: 1.923 GC heap before
{Heap before GC invocations=10 (full 0):
 def new generation   total 18368K, used 17548K [0x00000000bf200000, 0x00000000c05e0000, 0x00000000d30a0000)
  eden space 16384K, 100% used [0x00000000bf200000, 0x00000000c0200000, 0x00000000c0200000)
  from space 1984K,  58% used [0x00000000c0200000, 0x00000000c0323000, 0x00000000c03f0000)
  to   space 1984K,   0% used [0x00000000c03f0000, 0x00000000c03f0000, 0x00000000c05e0000)
 tenured generation   total 40768K, used 11478K [0x00000000d30a0000, 0x00000000d5870000, 0x00000000fae00000)
   the space 40768K,  28% used [0x00000000d30a0000, 0x00000000d3bd59f8, 0x00000000d3bd5a00, 0x00000000d5870000)
 compacting perm gen  total 21248K, used 3035K [0x00000000fae00000, 0x00000000fc2c0000, 0x0000000100000000)
   the space 21248K,  14% used [0x00000000fae00000, 0x00000000fb0f6d70, 0x00000000fb0f6e00, 0x00000000fc2c0000)
No shared spaces configured.
Event: 1.929 GC heap after
Heap after GC invocations=11 (full 0):
 def new generation   total 18368K, used 1175K [0x00000000bf200000, 0x00000000c05e0000, 0x00000000d30a0000)
  eden space 16384K,   0% used [0x00000000bf200000, 0x00000000bf200000, 0x00000000c0200000)
  from space 1984K,  59% used [0x00000000c03f0000, 0x00000000c0515fc8, 0x00000000c05e0000)
  to   space 1984K,   0% used [0x00000000c0200000, 0x00000000c0200000, 0x00000000c03f0000)
 tenured generation   total 40768K, used 12552K [0x00000000d30a0000, 0x00000000d5870000, 0x00000000fae00000)
   the space 40768K,  30% used [0x00000000d30a0000, 0x00000000d3ce2200, 0x00000000d3ce2200, 0x00000000d5870000)
 compacting perm gen  total 21248K, used 3035K [0x00000000fae00000, 0x00000000fc2c0000, 0x0000000100000000)
   the space 21248K,  14% used [0x00000000fae00000, 0x00000000fb0f6d70, 0x00000000fb0f6e00, 0x00000000fc2c0000)
No shared spaces configured.
}
Event: 1.988 GC heap before
{Heap before GC invocations=11 (full 0):
 def new generation   total 18368K, used 17559K [0x00000000bf200000, 0x00000000c05e0000, 0x00000000d30a0000)
  eden space 16384K, 100% used [0x00000000bf200000, 0x00000000c0200000, 0x00000000c0200000)
  from space 1984K,  59% used [0x00000000c03f0000, 0x00000000c0515fc8, 0x00000000c05e0000)
  to   space 1984K,   0% used [0x00000000c0200000, 0x00000000c0200000, 0x00000000c03f0000)
 tenured generation   total 40768K, used 12552K [0x00000000d30a0000, 0x00000000d5870000, 0x00000000fae00000)
   the space 40768K,  30% used [0x00000000d30a0000, 0x00000000d3ce2200, 0x00000000d3ce2200, 0x00000000d5870000)
 compacting perm gen  total 21248K, used 3035K [0x00000000fae00000, 0x00000000fc2c0000, 0x0000000100000000)
   the space 21248K,  14% used [0x00000000fae00000, 0x00000000fb0f6d70, 0x00000000fb0f6e00, 0x00000000fc2c0000)
No shared spaces configured.
Event: 1.993 GC heap after
Heap after GC invocations=12 (full 0):
 def new generation   total 18368K, used 1150K [0x00000000bf200000, 0x00000000c05e0000, 0x00000000d30a0000)
  eden space 16384K,   0% used [0x00000000bf200000, 0x00000000bf200000, 0x00000000c0200000)
  from space 1984K,  57% used [0x00000000c0200000, 0x00000000c031f858, 0x00000000c03f0000)
  to   space 1984K,   0% used [0x00000000c03f0000, 0x00000000c03f0000, 0x00000000c05e0000)
 tenured generation   total 40768K, used 13670K [0x00000000d30a0000, 0x00000000d5870000, 0x00000000fae00000)
   the space 40768K,  33% used [0x00000000d30a0000, 0x00000000d3df9b88, 0x00000000d3df9c00, 0x00000000d5870000)
 compacting perm gen  total 21248K, used 3035K [0x00000000fae00000, 0x00000000fc2c0000, 0x0000000100000000)
   the space 21248K,  14% used [0x00000000fae00000, 0x00000000fb0f6d70, 0x00000000fb0f6e00, 0x00000000fc2c0000)
No shared spaces configured.
}

