# JRE version: Java(TM) SE Runtime Environment (7.0_80-b15) (build 1.7.0_80-b15)
# Java VM: Java HotSpot(TM) 64-Bit Server VM (24.80-b11 mixed mode linux-amd64 compressed oops)
Heap
 def new generation   total 18432K, used 17729K [0x00000000bf200000, 0x00000000c0600000, 0x00000000d30a0000)
  eden space 16384K, 100% used [0x00000000bf200000, 0x00000000c0200000, 0x00000000c0200000)
  from space 2048K,  65% used [0x00000000c0400000, 0x00000000c05506b0, 0x00000000c0600000)
  to   space 2048K,  22% used [0x00000000c0200000, 0x00000000c0275a68, 0x00000000c0400000)
 tenured generation   total 40768K, used 26261K [0x00000000d30a0000, 0x00000000d5870000, 0x00000000fae00000)
   the space 40768K,  64% used [0x00000000d30a0000, 0x00000000d4a455f0, 0x00000000d4a45600, 0x00000000d5870000)
 compacting perm gen  total 21248K, used 3142K [0x00000000fae00000, 0x00000000fc2c0000, 0x0000000100000000)
   the space 21248K,  14% used [0x00000000fae00000, 0x00000000fb111820, 0x00000000fb111a00, 0x00000000fc2c0000)
GC Heap History (10 events):
Event: 3.970 GC heap after
Heap after GC invocations=65 (full 1):
 def new generation   total 18432K, used 2047K [0x00000000bf200000, 0x00000000c0600000, 0x00000000d30a0000)
  eden space 16384K,   0% used [0x00000000bf200000, 0x00000000bf200000, 0x00000000c0200000)
  from space 2048K,  99% used [0x00000000c0400000, 0x00000000c05fffe8, 0x00000000c0600000)
  to   space 2048K,   0% used [0x00000000c0200000, 0x00000000c0200000, 0x00000000c0400000)
 tenured generation   total 40768K, used 23153K [0x00000000d30a0000, 0x00000000d5870000, 0x00000000fae00000)
   the space 40768K,  56% used [0x00000000d30a0000, 0x00000000d473c798, 0x00000000d473c800, 0x00000000d5870000)
 compacting perm gen  total 21248K, used 3140K [0x00000000fae00000, 0x00000000fc2c0000, 0x0000000100000000)
   the space 21248K,  14% used [0x00000000fae00000, 0x00000000fb1111b8, 0x00000000fb111200, 0x00000000fc2c0000)
No shared spaces configured.
}
Event: 3.996 GC heap before
{Heap before GC invocations=65 (full 1):
 def new generation   total 18432K, used 18431K [0x00000000bf200000, 0x00000000c0600000, 0x00000000d30a0000)
  eden space 16384K, 100% used [0x00000000bf200000, 0x00000000c0200000, 0x00000000c0200000)
  from space 2048K,  99% used [0x00000000c0400000, 0x00000000c05fffe8, 0x00000000c0600000)
  to   space 2048K,   0% used [0x00000000c0200000, 0x00000000c0200000, 0x00000000c0400000)
 tenured generation   total 40768K, used 23153K [0x00000000d30a0000, 0x00000000d5870000, 0x00000000fae00000)
   the space 40768K,  56% used [0x00000000d30a0000, 0x00000000d473c798, 0x00000000d473c800, 0x00000000d5870000)
 compacting perm gen  total 21248K, used 3140K [0x00000000fae00000, 0x00000000fc2c0000, 0x0000000100000000)
   the space 21248K,  14% used [0x00000000fae00000, 0x00000000fb1111b8, 0x00000000fb111200, 0x00000000fc2c0000)
No shared spaces configured.
Event: 3.999 GC heap after
Heap after GC invocations=66 (full 1):
 def new generation   total 18432K, used 814K [0x00000000bf200000, 0x00000000c0600000, 0x00000000d30a0000)
  eden space 16384K,   0% used [0x00000000bf200000, 0x00000000bf200000, 0x00000000c0200000)
  from space 2048K,  39% used [0x00000000c0200000, 0x00000000c02cba98, 0x00000000c0400000)
  to   space 2048K,   0% used [0x00000000c0400000, 0x00000000c0400000, 0x00000000c0600000)
 tenured generation   total 40768K, used 24637K [0x00000000d30a0000, 0x00000000d5870000, 0x00000000fae00000)
   the space 40768K,  60% used [0x00000000d30a0000, 0x00000000d48af678, 0x00000000d48af800, 0x00000000d5870000)
 compacting perm gen  total 21248K, used 3140K [0x00000000fae00000, 0x00000000fc2c0000, 0x0000000100000000)
   the space 21248K,  14% used [0x00000000fae00000, 0x00000000fb1111b8, 0x00000000fb111200, 0x00000000fc2c0000)
No shared spaces configured.
}
Event: 4.031 GC heap before
{Heap before GC invocations=66 (full 1):
 def new generation   total 18432K, used 17198K [0x00000000bf200000, 0x00000000c0600000, 0x00000000d30a0000)
  eden space 16384K, 100% used [0x00000000bf200000, 0x00000000c0200000, 0x00000000c0200000)
  from space 2048K,  39% used [0x00000000c0200000, 0x00000000c02cba98, 0x00000000c0400000)
  to   space 2048K,   0% used [0x00000000c0400000, 0x00000000c0400000, 0x00000000c0600000)
 tenured generation   total 40768K, used 24637K [0x00000000d30a0000, 0x00000000d5870000, 0x00000000fae00000)
   the space 40768K,  60% used [0x00000000d30a0000, 0x00000000d48af678, 0x00000000d48af800, 0x00000000d5870000)
 compacting perm gen  total 21248K, used 3140K [0x00000000fae00000, 0x00000000fc2c0000, 0x0000000100000000)
   the space 21248K,  14% used [0x00000000fae00000, 0x00000000fb1113f8, 0x00000000fb111400, 0x00000000fc2c0000)
No shared spaces configured.
Event: 4.037 GC heap after
Heap after GC invocations=67 (full 1):
 def new generation   total 18432K, used 1444K [0x00000000bf200000, 0x00000000c0600000, 0x00000000d30a0000)
  eden space 16384K,   0% used [0x00000000bf200000, 0x00000000bf200000, 0x00000000c0200000)
  from space 2048K,  70% used [0x00000000c0400000, 0x00000000c05690e0, 0x00000000c0600000)
  to   space 2048K,   0% used [0x00000000c0200000, 0x00000000c0200000, 0x00000000c0400000)
 tenured generation   total 40768K, used 24637K [0x00000000d30a0000, 0x00000000d5870000, 0x00000000fae00000)
   the space 40768K,  60% used [0x00000000d30a0000, 0x00000000d48af678, 0x00000000d48af800, 0x00000000d5870000)
 compacting perm gen  total 21248K, used 3140K [0x00000000fae00000, 0x00000000fc2c0000, 0x0000000100000000)
   the space 21248K,  14% used [0x00000000fae00000, 0x00000000fb1113f8, 0x00000000fb111400, 0x00000000fc2c0000)
No shared spaces configured.
}
Event: 4.068 GC heap before
{Heap before GC invocations=67 (full 1):
 def new generation   total 18432K, used 17828K [0x00000000bf200000, 0x00000000c0600000, 0x00000000d30a0000)
  eden space 16384K, 100% used [0x00000000bf200000, 0x00000000c0200000, 0x00000000c0200000)
  from space 2048K,  70% used [0x00000000c0400000, 0x00000000c05690e0, 0x00000000c0600000)
  to   space 2048K,   0% used [0x00000000c0200000, 0x00000000c0200000, 0x00000000c0400000)
 tenured generation   total 40768K, used 24637K [0x00000000d30a0000, 0x00000000d5870000, 0x00000000fae00000)
   the space 40768K,  60% used [0x00000000d30a0000, 0x00000000d48af678, 0x00000000d48af800, 0x00000000d5870000)
 compacting perm gen  total 21248K, used 3140K [0x00000000fae00000, 0x00000000fc2c0000, 0x0000000100000000)
   the space 21248K,  14% used [0x00000000fae00000, 0x00000000fb1113f8, 0x00000000fb111400, 0x00000000fc2c0000)
No shared spaces configured.
Event: 4.072 GC heap after
Heap after GC invocations=68 (full 1):
 def new generation   total 18432K, used 1311K [0x00000000bf200000, 0x00000000c0600000, 0x00000000d30a0000)
  eden space 16384K,   0% used [0x00000000bf200000, 0x00000000bf200000, 0x00000000c0200000)
  from space 2048K,  64% used [0x00000000c0200000, 0x00000000c0347cc8, 0x00000000c0400000)
  to   space 2048K,   0% used [0x00000000c0400000, 0x00000000c0400000, 0x00000000c0600000)
 tenured generation   total 40768K, used 25447K [0x00000000d30a0000, 0x00000000d5870000, 0x00000000fae00000)
   the space 40768K,  62% used [0x00000000d30a0000, 0x00000000d4979d60, 0x00000000d4979e00, 0x00000000d5870000)
 compacting perm gen  total 21248K, used 3140K [0x00000000fae00000, 0x00000000fc2c0000, 0x0000000100000000)
   the space 21248K,  14% used [0x00000000fae00000, 0x00000000fb1113f8, 0x00000000fb111400, 0x00000000fc2c0000)
No shared spaces configured.
}
Event: 4.095 GC heap before
{Heap before GC invocations=68 (full 1):
 def new generation   total 18432K, used 17695K [0x00000000bf200000, 0x00000000c0600000, 0x00000000d30a0000)
  eden space 16384K, 100% used [0x00000000bf200000, 0x00000000c0200000, 0x00000000c0200000)
  from space 2048K,  64% used [0x00000000c0200000, 0x00000000c0347cc8, 0x00000000c0400000)
  to   space 2048K,   0% used [0x00000000c0400000, 0x00000000c0400000, 0x00000000c0600000)
 tenured generation   total 40768K, used 25447K [0x00000000d30a0000, 0x00000000d5870000, 0x00000000fae00000)
   the space 40768K,  62% used [0x00000000d30a0000, 0x00000000d4979d60, 0x00000000d4979e00, 0x00000000d5870000)
 compacting perm gen  total 21248K, used 3141K [0x00000000fae00000, 0x00000000fc2c0000, 0x0000000100000000)
   the space 21248K,  14% used [0x00000000fae00000, 0x00000000fb111760, 0x00000000fb111800, 0x00000000fc2c0000)
No shared spaces configured.
Event: 4.099 GC heap after
Heap after GC invocations=69 (full 1):
 def new generation   total 18432K, used 1345K [0x00000000bf200000, 0x00000000c0600000, 0x00000000d30a0000)
  eden space 16384K,   0% used [0x00000000bf200000, 0x00000000bf200000, 0x00000000c0200000)
  from space 2048K,  65% used [0x00000000c0400000, 0x00000000c05506b0, 0x00000000c0600000)
  to   space 2048K,   0% used [0x00000000c0200000, 0x00000000c0200000, 0x00000000c0400000)
 tenured generation   total 40768K, used 26079K [0x00000000d30a0000, 0x00000000d5870000, 0x00000000fae00000)
   the space 40768K,  63% used [0x00000000d30a0000, 0x00000000d4a17d38, 0x00000000d4a17e00, 0x00000000d5870000)
 compacting perm gen  total 21248K, used 3141K [0x00000000fae00000, 0x00000000fc2c0000, 0x0000000100000000)
   the space 21248K,  14% used [0x00000000fae00000, 0x00000000fb111760, 0x00000000fb111800, 0x00000000fc2c0000)
No shared spaces configured.
}
Event: 4.126 GC heap before
{Heap before GC invocations=69 (full 1):
 def new generation   total 18432K, used 17729K [0x00000000bf200000, 0x00000000c0600000, 0x00000000d30a0000)
  eden space 16384K, 100% used [0x00000000bf200000, 0x00000000c0200000, 0x00000000c0200000)
  from space 2048K,  65% used [0x00000000c0400000, 0x00000000c05506b0, 0x00000000c0600000)
  to   space 2048K,   0% used [0x00000000c0200000, 0x00000000c0200000, 0x00000000c0400000)
 tenured generation   total 40768K, used 26079K [0x00000000d30a0000, 0x00000000d5870000, 0x00000000fae00000)
   the space 40768K,  63% used [0x00000000d30a0000, 0x00000000d4a17d38, 0x00000000d4a17e00, 0x00000000d5870000)
 compacting perm gen  total 21248K, used 3142K [0x00000000fae00000, 0x00000000fc2c0000, 0x0000000100000000)
   the space 21248K,  14% used [0x00000000fae00000, 0x00000000fb111820, 0x00000000fb111a00, 0x00000000fc2c0000)
No shared spaces configured.

